mode: set
github.com/rasyad91/goBookings/internal/render/render.go:21.40,23.2 1 1
github.com/rasyad91/goBookings/internal/render/render.go:26.84,33.2 5 1
github.com/rasyad91/goBookings/internal/render/render.go:36.100,39.19 1 1
github.com/rasyad91/goBookings/internal/render/render.go:48.2,51.9 3 1
github.com/rasyad91/goBookings/internal/render/render.go:55.2,60.16 4 1
github.com/rasyad91/goBookings/internal/render/render.go:64.2,65.16 2 1
github.com/rasyad91/goBookings/internal/render/render.go:69.2,69.12 1 1
github.com/rasyad91/goBookings/internal/render/render.go:39.19,41.17 2 1
github.com/rasyad91/goBookings/internal/render/render.go:45.3,45.25 1 1
github.com/rasyad91/goBookings/internal/render/render.go:41.17,44.4 2 0
github.com/rasyad91/goBookings/internal/render/render.go:51.9,53.3 1 0
github.com/rasyad91/goBookings/internal/render/render.go:60.16,62.3 1 0
github.com/rasyad91/goBookings/internal/render/render.go:65.16,68.3 2 0
github.com/rasyad91/goBookings/internal/render/render.go:73.67,76.16 3 1
github.com/rasyad91/goBookings/internal/render/render.go:79.2,79.29 1 1
github.com/rasyad91/goBookings/internal/render/render.go:99.2,99.21 1 1
github.com/rasyad91/goBookings/internal/render/render.go:76.16,78.3 1 0
github.com/rasyad91/goBookings/internal/render/render.go:79.29,83.17 3 1
github.com/rasyad91/goBookings/internal/render/render.go:87.3,88.17 2 1
github.com/rasyad91/goBookings/internal/render/render.go:91.3,91.24 1 1
github.com/rasyad91/goBookings/internal/render/render.go:95.3,96.21 2 1
github.com/rasyad91/goBookings/internal/render/render.go:83.17,85.4 1 0
github.com/rasyad91/goBookings/internal/render/render.go:88.17,90.4 1 0
github.com/rasyad91/goBookings/internal/render/render.go:91.24,93.4 1 0
