mode: set
github.com/rasyad91/goBookings/internal/handlers/handlers.go:34.62,39.2 1 0
github.com/rasyad91/goBookings/internal/handlers/handlers.go:42.51,47.2 1 1
github.com/rasyad91/goBookings/internal/handlers/handlers.go:50.33,52.2 1 1
github.com/rasyad91/goBookings/internal/handlers/handlers.go:57.68,60.2 1 1
github.com/rasyad91/goBookings/internal/handlers/handlers.go:63.69,66.2 1 1
github.com/rasyad91/goBookings/internal/handlers/handlers.go:69.71,72.2 1 1
github.com/rasyad91/goBookings/internal/handlers/handlers.go:75.75,78.9 2 1
github.com/rasyad91/goBookings/internal/handlers/handlers.go:84.2,85.16 2 1
github.com/rasyad91/goBookings/internal/handlers/handlers.go:91.2,110.5 10 1
github.com/rasyad91/goBookings/internal/handlers/handlers.go:78.9,82.3 3 1
github.com/rasyad91/goBookings/internal/handlers/handlers.go:85.16,89.3 3 1
github.com/rasyad91/goBookings/internal/handlers/handlers.go:114.79,123.16 3 1
github.com/rasyad91/goBookings/internal/handlers/handlers.go:129.2,130.16 2 1
github.com/rasyad91/goBookings/internal/handlers/handlers.go:136.2,137.16 2 1
github.com/rasyad91/goBookings/internal/handlers/handlers.go:143.2,144.16 2 1
github.com/rasyad91/goBookings/internal/handlers/handlers.go:150.2,164.19 12 1
github.com/rasyad91/goBookings/internal/handlers/handlers.go:178.2,179.16 2 1
github.com/rasyad91/goBookings/internal/handlers/handlers.go:185.2,193.65 2 1
github.com/rasyad91/goBookings/internal/handlers/handlers.go:199.2,202.66 2 1
github.com/rasyad91/goBookings/internal/handlers/handlers.go:123.16,127.3 3 1
github.com/rasyad91/goBookings/internal/handlers/handlers.go:130.16,134.3 3 1
github.com/rasyad91/goBookings/internal/handlers/handlers.go:137.16,141.3 3 1
github.com/rasyad91/goBookings/internal/handlers/handlers.go:144.16,148.3 3 1
github.com/rasyad91/goBookings/internal/handlers/handlers.go:164.19,176.3 5 1
github.com/rasyad91/goBookings/internal/handlers/handlers.go:179.16,183.3 3 1
github.com/rasyad91/goBookings/internal/handlers/handlers.go:193.65,197.3 3 1
github.com/rasyad91/goBookings/internal/handlers/handlers.go:207.82,211.9 2 0
github.com/rasyad91/goBookings/internal/handlers/handlers.go:218.2,234.5 9 0
github.com/rasyad91/goBookings/internal/handlers/handlers.go:211.9,216.3 4 0
github.com/rasyad91/goBookings/internal/handlers/handlers.go:239.76,242.2 1 1
github.com/rasyad91/goBookings/internal/handlers/handlers.go:245.80,252.16 6 0
github.com/rasyad91/goBookings/internal/handlers/handlers.go:257.2,258.16 2 0
github.com/rasyad91/goBookings/internal/handlers/handlers.go:264.2,265.16 2 0
github.com/rasyad91/goBookings/internal/handlers/handlers.go:269.2,269.21 1 0
github.com/rasyad91/goBookings/internal/handlers/handlers.go:275.2,287.4 5 0
github.com/rasyad91/goBookings/internal/handlers/handlers.go:252.16,256.3 2 0
github.com/rasyad91/goBookings/internal/handlers/handlers.go:258.16,262.3 2 0
github.com/rasyad91/goBookings/internal/handlers/handlers.go:265.16,267.3 1 0
github.com/rasyad91/goBookings/internal/handlers/handlers.go:269.21,273.3 3 0
github.com/rasyad91/goBookings/internal/handlers/handlers.go:300.80,303.16 2 1
github.com/rasyad91/goBookings/internal/handlers/handlers.go:317.2,325.16 7 1
github.com/rasyad91/goBookings/internal/handlers/handlers.go:338.2,350.14 5 1
github.com/rasyad91/goBookings/internal/handlers/handlers.go:303.16,315.3 5 0
github.com/rasyad91/goBookings/internal/handlers/handlers.go:325.16,337.3 5 0
github.com/rasyad91/goBookings/internal/handlers/handlers.go:354.72,357.2 1 1
github.com/rasyad91/goBookings/internal/handlers/handlers.go:360.70,363.2 1 1
github.com/rasyad91/goBookings/internal/handlers/handlers.go:366.74,368.16 2 0
github.com/rasyad91/goBookings/internal/handlers/handlers.go:372.2,373.9 2 0
github.com/rasyad91/goBookings/internal/handlers/handlers.go:378.2,380.64 3 0
github.com/rasyad91/goBookings/internal/handlers/handlers.go:368.16,370.3 1 0
github.com/rasyad91/goBookings/internal/handlers/handlers.go:373.9,376.3 2 0
github.com/rasyad91/goBookings/internal/handlers/handlers.go:384.72,387.16 2 0
github.com/rasyad91/goBookings/internal/handlers/handlers.go:390.2,394.16 4 0
github.com/rasyad91/goBookings/internal/handlers/handlers.go:398.2,399.16 2 0
github.com/rasyad91/goBookings/internal/handlers/handlers.go:404.2,405.16 2 0
github.com/rasyad91/goBookings/internal/handlers/handlers.go:409.2,417.64 3 0
github.com/rasyad91/goBookings/internal/handlers/handlers.go:387.16,389.3 1 0
github.com/rasyad91/goBookings/internal/handlers/handlers.go:394.16,397.3 2 0
github.com/rasyad91/goBookings/internal/handlers/handlers.go:399.16,402.3 2 0
github.com/rasyad91/goBookings/internal/handlers/handlers.go:405.16,407.3 1 0
